0 info it worked if it ends with ok
1 verbose cli [ '/usr/bin/node',
1 verbose cli   '/usr/bin/npm',
1 verbose cli   'i',
1 verbose cli   '-g',
1 verbose cli   'http-proxy-to-socks' ]
2 info using npm@3.5.2
3 info using node@v8.10.0
4 silly loadCurrentTree Starting
5 silly install loadCurrentTree
6 silly install readGlobalPackageData
7 silly fetchPackageMetaData http-proxy-to-socks
8 silly fetchNamedPackageData http-proxy-to-socks
9 silly mapToRegistry name http-proxy-to-socks
10 silly mapToRegistry using default registry
11 silly mapToRegistry registry https://registry.npmjs.org/
12 silly mapToRegistry uri https://registry.npmjs.org/http-proxy-to-socks
13 verbose request uri https://registry.npmjs.org/http-proxy-to-socks
14 verbose request no auth needed
15 info attempt registry request try #1 at 下午11:31:02
16 verbose request id b5ac82d8700be16a
17 http request GET https://registry.npmjs.org/http-proxy-to-socks
18 info retry will retry, error on last attempt: Error: tunneling socket could not be established, cause=connect ECONNREFUSED 127.0.0.1:11000
19 info attempt registry request try #2 at 下午11:31:12
20 http request GET https://registry.npmjs.org/http-proxy-to-socks
21 info retry will retry, error on last attempt: Error: tunneling socket could not be established, cause=connect ECONNREFUSED 127.0.0.1:11000
22 info attempt registry request try #3 at 下午11:32:12
23 http request GET https://registry.npmjs.org/http-proxy-to-socks
24 silly fetchPackageMetaData Error: tunneling socket could not be established, cause=connect ECONNREFUSED 127.0.0.1:11000
24 silly fetchPackageMetaData     at ClientRequest.onError (/usr/share/npm/node_modules/request/node_modules/tunnel-agent/index.js:174:17)
24 silly fetchPackageMetaData     at Object.onceWrapper (events.js:315:30)
24 silly fetchPackageMetaData     at emitOne (events.js:116:13)
24 silly fetchPackageMetaData     at ClientRequest.emit (events.js:211:7)
24 silly fetchPackageMetaData     at Socket.socketErrorListener (_http_client.js:387:9)
24 silly fetchPackageMetaData     at emitOne (events.js:116:13)
24 silly fetchPackageMetaData     at Socket.emit (events.js:211:7)
24 silly fetchPackageMetaData     at emitErrorNT (internal/streams/destroy.js:64:8)
24 silly fetchPackageMetaData     at _combinedTickCallback (internal/process/next_tick.js:138:11)
24 silly fetchPackageMetaData     at process._tickCallback (internal/process/next_tick.js:180:9)
24 silly fetchPackageMetaData  error for http-proxy-to-socks { Error: tunneling socket could not be established, cause=connect ECONNREFUSED 127.0.0.1:11000
24 silly fetchPackageMetaData     at ClientRequest.onError (/usr/share/npm/node_modules/request/node_modules/tunnel-agent/index.js:174:17)
24 silly fetchPackageMetaData     at Object.onceWrapper (events.js:315:30)
24 silly fetchPackageMetaData     at emitOne (events.js:116:13)
24 silly fetchPackageMetaData     at ClientRequest.emit (events.js:211:7)
24 silly fetchPackageMetaData     at Socket.socketErrorListener (_http_client.js:387:9)
24 silly fetchPackageMetaData     at emitOne (events.js:116:13)
24 silly fetchPackageMetaData     at Socket.emit (events.js:211:7)
24 silly fetchPackageMetaData     at emitErrorNT (internal/streams/destroy.js:64:8)
24 silly fetchPackageMetaData     at _combinedTickCallback (internal/process/next_tick.js:138:11)
24 silly fetchPackageMetaData     at process._tickCallback (internal/process/next_tick.js:180:9) code: 'ECONNRESET' }
25 silly rollbackFailedOptional Starting
26 silly rollbackFailedOptional Finishing
27 silly runTopLevelLifecycles Starting
28 silly runTopLevelLifecycles Finishing
29 silly install printInstalled
30 verbose stack Error: tunneling socket could not be established, cause=connect ECONNREFUSED 127.0.0.1:11000
30 verbose stack     at ClientRequest.onError (/usr/share/npm/node_modules/request/node_modules/tunnel-agent/index.js:174:17)
30 verbose stack     at Object.onceWrapper (events.js:315:30)
30 verbose stack     at emitOne (events.js:116:13)
30 verbose stack     at ClientRequest.emit (events.js:211:7)
30 verbose stack     at Socket.socketErrorListener (_http_client.js:387:9)
30 verbose stack     at emitOne (events.js:116:13)
30 verbose stack     at Socket.emit (events.js:211:7)
30 verbose stack     at emitErrorNT (internal/streams/destroy.js:64:8)
30 verbose stack     at _combinedTickCallback (internal/process/next_tick.js:138:11)
30 verbose stack     at process._tickCallback (internal/process/next_tick.js:180:9)
31 verbose cwd /home/xudefu/.vim/plugged/tagbar
32 error Linux 5.4.0-92-generic
33 error argv "/usr/bin/node" "/usr/bin/npm" "i" "-g" "http-proxy-to-socks"
34 error node v8.10.0
35 error npm  v3.5.2
36 error code ECONNRESET
37 error network tunneling socket could not be established, cause=connect ECONNREFUSED 127.0.0.1:11000
38 error network This is most likely not a problem with npm itself
38 error network and is related to network connectivity.
38 error network In most cases you are behind a proxy or have bad network settings.
38 error network
38 error network If you are behind a proxy, please make sure that the
38 error network 'proxy' config is set properly.  See: 'npm help config'
39 verbose exit [ 1, true ]
